<?xml version="1.0" encoding="UTF-8"?>
<!-- Generated by org.testng.reporters.JUnitXMLReporter -->
<testsuite hostname="Srini-PC" ignored="0" name="Default test" tests="6" failures="0" timestamp="10 May 2018 08:13:09 GMT" time="56.281" errors="0">
  <testcase name="getTitle" time="0.865" classname="Tests.amazonTest"/>
  <testcase name="verifySearchBox" time="8.249" classname="Tests.amazonTest"/>
  <testcase name="dropDown" time="0.51" classname="Tests.amazonTest"/>
  <testcase name="verifyLinksOnNavigationBar" time="1.73" classname="Tests.amazonTest"/>
  <testcase name="addItemsToCart" time="17.442" classname="Tests.amazonTest"/>
  <testcase name="deleteItemInCart" time="7.322" classname="Tests.amazonTest"/>
</testsuite> <!-- Default test -->
