<?xml version="1.0" encoding="UTF-8"?>
<testng-results skipped="0" failed="0" ignored="0" total="6" passed="6">
  <reporter-output>
  </reporter-output>
  <suite name="Default suite" duration-ms="56281" started-at="2018-05-10T08:12:13Z" finished-at="2018-05-10T08:13:09Z">
    <groups>
    </groups>
    <test name="Default test" duration-ms="56281" started-at="2018-05-10T08:12:13Z" finished-at="2018-05-10T08:13:09Z">
      <class name="Tests.amazonTest">
        <test-method status="PASS" signature="beforeClass()[pri:0, instance:Tests.amazonTest@1b604f19]" name="beforeClass" is-config="true" duration-ms="18640" started-at="2018-05-10T13:42:13Z" finished-at="2018-05-10T13:42:32Z">
          <reporter-output>
          </reporter-output>
        </test-method> <!-- beforeClass -->
        <test-method status="PASS" signature="getTitle()[pri:1, instance:Tests.amazonTest@1b604f19]" name="getTitle" duration-ms="865" started-at="2018-05-10T13:42:32Z" finished-at="2018-05-10T13:42:32Z">
          <reporter-output>
          </reporter-output>
        </test-method> <!-- getTitle -->
        <test-method status="PASS" signature="verifySearchBox()[pri:2, instance:Tests.amazonTest@1b604f19]" name="verifySearchBox" duration-ms="8249" started-at="2018-05-10T13:42:33Z" finished-at="2018-05-10T13:42:41Z">
          <reporter-output>
          </reporter-output>
        </test-method> <!-- verifySearchBox -->
        <test-method status="PASS" signature="dropDown()[pri:0, instance:Tests.amazonTest@1b604f19]" name="dropDown" duration-ms="510" started-at="2018-05-10T13:42:41Z" depends-on-methods="Tests.amazonTest.verifySearchBox" finished-at="2018-05-10T13:42:41Z">
          <reporter-output>
          </reporter-output>
        </test-method> <!-- dropDown -->
        <test-method status="PASS" signature="verifyLinksOnNavigationBar()[pri:3, instance:Tests.amazonTest@1b604f19]" name="verifyLinksOnNavigationBar" duration-ms="1730" started-at="2018-05-10T13:42:41Z" finished-at="2018-05-10T13:42:43Z">
          <reporter-output>
          </reporter-output>
        </test-method> <!-- verifyLinksOnNavigationBar -->
        <test-method status="PASS" signature="addItemsToCart()[pri:4, instance:Tests.amazonTest@1b604f19]" name="addItemsToCart" duration-ms="17442" started-at="2018-05-10T13:42:43Z" finished-at="2018-05-10T13:43:00Z">
          <reporter-output>
          </reporter-output>
        </test-method> <!-- addItemsToCart -->
        <test-method status="PASS" signature="deleteItemInCart()[pri:5, instance:Tests.amazonTest@1b604f19]" name="deleteItemInCart" duration-ms="7322" started-at="2018-05-10T13:43:00Z" finished-at="2018-05-10T13:43:08Z">
          <reporter-output>
          </reporter-output>
        </test-method> <!-- deleteItemInCart -->
        <test-method status="PASS" signature="tearDown()[pri:0, instance:Tests.amazonTest@1b604f19]" name="tearDown" is-config="true" duration-ms="1381" started-at="2018-05-10T13:43:08Z" finished-at="2018-05-10T13:43:09Z">
          <reporter-output>
          </reporter-output>
        </test-method> <!-- tearDown -->
      </class> <!-- Tests.amazonTest -->
    </test> <!-- Default test -->
  </suite> <!-- Default suite -->
</testng-results>
